build/app/intermediates/proguard-rules/release/aapt_rules.txt
# Referenced at release/arm64-v8a/AndroidManifest.xml:18
-keep class androidx.core.app.CoreComponentFactory { <init>(); }
# Referenced at release/arm64-v8a/AndroidManifest.xml:26
-keep class com.example.reaaia.MainActivity { <init>(); }
# Referenced at release/arm64-v8a/AndroidManifest.xml:75
-keep class com.google.android.gms.common.api.GoogleApiActivity { <init>(); }