build/app/outputs/mapping/release/mapping.txt
# compiler: R8
# compiler_version: 1.5.64
# min_api: 20
# pg_map_id: 387aa55
...
com.google.android.gms.dynamite.zzk -> com.google.android.gms.dynamite.k:
    com.google.android.gms.dynamic.IObjectWrapper zzb(com.google.android.gms.dynamic.IObjectWrapper,java.lang.String,int,com.google.android.gms.dynamic.IObjectWrapper) -> a
    com.google.android.gms.dynamic.IObjectWrapper zza(com.google.android.gms.dynamic.IObjectWrapper,java.lang.String,int,com.google.android.gms.dynamic.IObjectWrapper) -> b
com.google.android.gms.dynamite.zzl -> com.google.android.gms.dynamite.l:
    com.google.android.gms.dynamic.IObjectWrapper zzb(com.google.android.gms.dynamic.IObjectWrapper,java.lang.String,int,com.google.android.gms.dynamic.IObjectWrapper) -> a
    com.google.android.gms.dynamic.IObjectWrapper zza(com.google.android.gms.dynamic.IObjectWrapper,java.lang.String,int,com.google.android.gms.dynamic.IObjectWrapper) -> b
com.google.android.gms.internal.base.zaa -> b.a.a.a.d.a.a:
    android.os.IBinder zaa -> a
    java.lang.String zab -> b
    android.os.Parcel zaa() -> S
    void zab(int,android.os.Parcel) -> a
com.google.android.gms.internal.base.zab -> b.a.a.a.d.a.b:
    boolean dispatchTransaction(int,android.os.Parcel,android.os.Parcel,int) -> a
com.google.android.gms.internal.base.zac -> b.a.a.a.d.a.c:
    android.os.Parcelable zaa(android.os.Parcel,android.os.Parcelable$Creator) -> a
    void zaa(android.os.Parcel,android.os.IInterface) -> a
    void zaa(android.os.Parcel,android.os.Parcelable) -> a
com.google.android.gms.internal.base.zap -> b.a.a.a.d.a.d:
com.google.android.gms.internal.common.zza -> b.a.a.a.d.b.a:
    android.os.IBinder zza -> a
    java.lang.String zzb -> b
    android.os.Parcel zza() -> S
    android.os.Parcel zza(int,android.os.Parcel) -> a
com.google.android.gms.internal.common.zzb -> b.a.a.a.d.b.b:
    boolean zza(int,android.os.Parcel,android.os.Parcel,int) -> a
com.google.android.gms.internal.common.zzc -> b.a.a.a.d.b.c:
    void writeBoolean(android.os.Parcel,boolean) -> a
    android.os.Parcelable zza(android.os.Parcel,android.os.Parcelable$Creator) -> a
    void zza(android.os.Parcel,android.os.IInterface) -> a
com.google.android.gms.internal.common.zze -> b.a.a.a.d.b.d:
com.google.android.gms.internal.maps.zza -> b.a.a.a.d.c.a:
    android.os.IBinder zza -> a
    java.lang.String zzb -> b
    android.os.Parcel zza() -> S
    android.os.Parcel zza(int,android.os.Parcel) -> a
    void zzb(int,android.os.Parcel) -> b
com.google.android.gms.internal.maps.zzaa -> b.a.a.a.d.c.b:
    com.google.android.gms.internal.maps.zzz zzi(android.os.IBinder) -> a
com.google.android.gms.internal.maps.zzab -> b.a.a.a.d.c.c:
    void setEndCap(com.google.android.gms.maps.model.Cap) -> a
    void setPoints(java.util.List) -> a
    void setVisible(boolean) -> a
    void setZIndex(float) -> a
    java.lang.String getId() -> b
    void setGeodesic(boolean) -> b
    void setStartCap(com.google.android.gms.maps.model.Cap) -> b
    boolean zzb(com.google.android.gms.internal.maps.zzz) -> b
    void setPattern(java.util.List) -> c
    int zzj() -> c
    void setColor(int) -> d
    void setJointType(int) -> e
    void setWidth(float) -> e
    void setClickable(boolean) -> r
com.google.android.gms.internal.maps.zzac -> b.a.a.a.d.c.d:
    void clearTileCache() -> C
    float getZIndex() -> D
    float getTransparency() -> P
    boolean isVisible() -> Q
    void setVisible(boolean) -> a
    void setZIndex(float) -> a
    boolean zza(com.google.android.gms.internal.maps.zzac) -> a
    java.lang.String getId() -> b
    int zzj() -> c
    void setTransparency(float) -> f
    void setFadeIn(boolean) -> k
    boolean getFadeIn() -> l
com.google.android.gms.internal.maps.zzad -> b.a.a.a.d.c.e:
    com.google.android.gms.internal.maps.zzac zzj(android.os.IBinder) -> a